<?xml version="1.0" encoding="UTF-8"?>
<!-- Generated by org.testng.reporters.JUnitXMLReporter -->
<testsuite ignored="0" hostname="fabiant-wilt0" failures="0" tests="6" name="Default test" time="13.659" errors="0" timestamp="2022-09-15T12:07:05 CEST">
  <testcase classname="com.test.practice1.test12" name="LaunchBrowser" time="3.239"/>
  <testcase classname="com.test.practice1.test12" name="LoginDetails" time="0.294"/>
  <testcase classname="com.test.practice1.test12" name="NavigateToMyInfopage" time="3.062"/>
  <testcase classname="com.test.practice1.test12" name="NavigateToPersonlInformation" time="0.051"/>
  <testcase classname="com.test.practice1.test12" name="NavigateToRecruitmentPage" time="1.326"/>
  <testcase classname="com.test.practice1.test12" name="Verifylogin" time="0.06"/>
</testsuite> <!-- Default test -->
