<?xml version="1.0" encoding="UTF-8"?>
<!-- Generated by org.testng.reporters.JUnitXMLReporter -->
<testsuite ignored="0" hostname="fabiant-wilt0" failures="0" tests="4" name="Default test" time="13.183" errors="0" timestamp="2022-09-30T05:46:11 CEST">
  <testcase classname="com.test.practice1.DP1" name="GetLoginDetails" time="12.687"/>
  <testcase classname="com.test.practice1.DP1" name="GetLoginDetails" time="12.874"/>
  <testcase classname="com.test.practice1.DP1" name="GetLoginDetails" time="13.081"/>
  <testcase classname="com.test.practice1.DP1" name="GetLoginDetails" time="13.114"/>
</testsuite> <!-- Default test -->
