<?xml version="1.0" encoding="UTF-8"?>
<!-- Generated by org.testng.reporters.JUnitXMLReporter -->
<testsuite ignored="0" hostname="fabiant-wilt0" failures="0" tests="4" name="Test" time="15.187" errors="0" timestamp="2022-09-18T17:06:16 CEST">
  <testcase classname="com.test.practice1.DP1" name="GetLoginDetails" time="8.79"/>
  <testcase classname="com.test.practice1.DP1" name="GetLoginDetails" time="8.805"/>
  <testcase classname="com.test.practice1.DP1" name="GetLoginDetails" time="6.276"/>
  <testcase classname="com.test.practice1.DP1" name="GetLoginDetails" time="6.318"/>
</testsuite> <!-- Test -->
