<?xml version="1.0" encoding="UTF-8"?>
<!-- Generated by org.testng.reporters.JUnitXMLReporter -->
<testsuite ignored="0" hostname="fabiant-wilt0" failures="0" tests="4" name="Test" time="14.463" errors="0" timestamp="2022-09-10T10:42:18 CEST">
  <testcase classname="com.test.practice1.DP1" name="GetLoginDetails" time="8.046"/>
  <testcase classname="com.test.practice1.DP1" name="GetLoginDetails" time="8.171"/>
  <testcase classname="com.test.practice1.DP1" name="GetLoginDetails" time="6.217"/>
  <testcase classname="com.test.practice1.DP1" name="GetLoginDetails" time="6.337"/>
</testsuite> <!-- Test -->
