<?xml version="1.0" encoding="UTF-8"?>
<!-- Generated by org.testng.reporters.JUnitXMLReporter -->
<testsuite ignored="0" hostname="fabiant-wilt0" failures="0" tests="6" name="ParaOrangeHRM" time="16.428" errors="0" timestamp="2022-09-18T16:49:57 CEST">
  <testcase classname="com.test.practice1.ParaOrangeHRM" name="LaunchApplication" time="4.395"/>
  <testcase classname="com.test.practice1.ParaOrangeHRM" name="LoginDetails" time="0.334"/>
  <testcase classname="com.test.practice1.ParaOrangeHRM" name="NavigateToMyInfopage" time="3.211"/>
  <testcase classname="com.test.practice1.ParaOrangeHRM" name="VerifyMyInfoPage" time="0.061"/>
  <testcase classname="com.test.practice1.ParaOrangeHRM" name="VerifyLogin" time="0.105"/>
  <testcase classname="com.test.practice1.ParaOrangeHRM" name="NavigateToRecruitmentpage" time="1.318"/>
</testsuite> <!-- ParaOrangeHRM -->
