<?xml version="1.0" encoding="UTF-8"?>
<!-- Generated by org.testng.reporters.JUnitXMLReporter -->
<testsuite ignored="0" hostname="fabiant-wilt0" failures="0" tests="6" name="ParaOrangeHRM" time="11.865" errors="0" timestamp="2022-09-03T10:01:36 CEST">
  <testcase classname="com.test.practice1.ParaOrangeHRM" name="LaunchApplication" time="4.324"/>
  <testcase classname="com.test.practice1.ParaOrangeHRM" name="LoginDetails" time="0.353"/>
  <testcase classname="com.test.practice1.ParaOrangeHRM" name="NavigateToMyInfopage" time="2.967"/>
  <testcase classname="com.test.practice1.ParaOrangeHRM" name="VerifyMyInfoPage" time="0.062"/>
  <testcase classname="com.test.practice1.ParaOrangeHRM" name="VerifyLogin" time="0.073"/>
  <testcase classname="com.test.practice1.ParaOrangeHRM" name="NavigateToRecruitmentpage" time="1.269"/>
</testsuite> <!-- ParaOrangeHRM -->
