<?xml version="1.0" encoding="UTF-8"?>
<testng-results ignored="0" total="6" passed="6" failed="0" skipped="0">
  <reporter-output>
  </reporter-output>
  <suite started-at="2022-09-15T12:06:51 CEST" name="Default suite" finished-at="2022-09-15T12:07:05 CEST" duration-ms="13659">
    <groups>
    </groups>
    <test started-at="2022-09-15T12:06:51 CEST" name="Default test" finished-at="2022-09-15T12:07:05 CEST" duration-ms="13659">
      <class name="com.test.practice1.test12">
        <test-method is-config="true" signature="LaunchApp()[pri:0, instance:com.test.practice1.test12@2a65fe7c]" started-at="2022-09-15T12:06:51 CEST" name="LaunchApp" finished-at="2022-09-15T12:06:57 CEST" duration-ms="5334" status="PASS">
          <reporter-output>
          </reporter-output>
        </test-method> <!-- LaunchApp -->
        <test-method signature="LaunchBrowser()[pri:0, instance:com.test.practice1.test12@2a65fe7c]" started-at="2022-09-15T12:06:57 CEST" name="LaunchBrowser" finished-at="2022-09-15T12:07:00 CEST" duration-ms="3239" status="PASS">
          <reporter-output>
          </reporter-output>
        </test-method> <!-- LaunchBrowser -->
        <test-method signature="LoginDetails()[pri:0, instance:com.test.practice1.test12@2a65fe7c]" started-at="2022-09-15T12:07:00 CEST" name="LoginDetails" finished-at="2022-09-15T12:07:00 CEST" duration-ms="294" status="PASS">
          <reporter-output>
          </reporter-output>
        </test-method> <!-- LoginDetails -->
        <test-method signature="NavigateToMyInfopage()[pri:0, instance:com.test.practice1.test12@2a65fe7c]" started-at="2022-09-15T12:07:00 CEST" name="NavigateToMyInfopage" finished-at="2022-09-15T12:07:03 CEST" duration-ms="3062" status="PASS">
          <reporter-output>
          </reporter-output>
        </test-method> <!-- NavigateToMyInfopage -->
        <test-method signature="NavigateToPersonlInformation()[pri:0, instance:com.test.practice1.test12@2a65fe7c]" started-at="2022-09-15T12:07:03 CEST" name="NavigateToPersonlInformation" finished-at="2022-09-15T12:07:03 CEST" duration-ms="51" status="PASS">
          <reporter-output>
          </reporter-output>
        </test-method> <!-- NavigateToPersonlInformation -->
        <test-method signature="NavigateToRecruitmentPage()[pri:0, instance:com.test.practice1.test12@2a65fe7c]" started-at="2022-09-15T12:07:03 CEST" name="NavigateToRecruitmentPage" finished-at="2022-09-15T12:07:05 CEST" duration-ms="1326" status="PASS">
          <reporter-output>
          </reporter-output>
        </test-method> <!-- NavigateToRecruitmentPage -->
        <test-method signature="Verifylogin()[pri:0, instance:com.test.practice1.test12@2a65fe7c]" started-at="2022-09-15T12:07:05 CEST" name="Verifylogin" finished-at="2022-09-15T12:07:05 CEST" duration-ms="60" status="PASS">
          <reporter-output>
          </reporter-output>
        </test-method> <!-- Verifylogin -->
        <test-method is-config="true" signature="tear_down()[pri:0, instance:com.test.practice1.test12@2a65fe7c]" started-at="2022-09-15T12:07:05 CEST" name="tear_down" finished-at="2022-09-15T12:07:05 CEST" duration-ms="183" status="PASS">
          <reporter-output>
          </reporter-output>
        </test-method> <!-- tear_down -->
      </class> <!-- com.test.practice1.test12 -->
    </test> <!-- Default test -->
  </suite> <!-- Default suite -->
</testng-results>
